<?xml version="1.0" encoding="UTF-8"?>
<!-- Generated by org.testng.reporters.JUnitXMLReporter -->
<testsuite ignored="0" hostname="DESKTOP-FMGNOFA" failures="1" tests="5" name="Api" time="8.147" errors="0" timestamp="2022-03-19T18:42:26 EDT">
  <testcase classname="RestAssuredAutomation.RestAssuredAutomation.GET_Headers" name="headers" time="2.816"/>
  <testcase classname="RestAssuredAutomation.RestAssuredAutomation.GET_ResponseBody" name="responsebody" time="2.098"/>
  <testcase classname="RestAssuredAutomation.RestAssuredAutomation.GET_Request" name="weatherconditions" time="1.805"/>
  <testcase classname="RestAssuredAutomation.RestAssuredAutomation.POST_Request" name="customerregister" time="1.364"/>
  <testcase classname="RestAssuredAutomation.RestAssuredAutomation.GET_JSONbodyValues" name="jsonbody" time="0.002">
    <failure type="java.lang.Error" message="Unresolved compilation problems: 
	The method println(boolean) is ambiguous for the type PrintStream
	The method println(boolean) is ambiguous for the type PrintStream
	The method println(boolean) is ambiguous for the type PrintStream
	The method println(boolean) is ambiguous for the type PrintStream
	The method println(boolean) is ambiguous for the type PrintStream
	The method println(boolean) is ambiguous for the type PrintStream
">
      <![CDATA[java.lang.Error: Unresolved compilation problems: 
The method println(boolean) is ambiguous for the type PrintStream
The method println(boolean) is ambiguous for the type PrintStream
The method println(boolean) is ambiguous for the type PrintStream
The method println(boolean) is ambiguous for the type PrintStream
The method println(boolean) is ambiguous for the type PrintStream
The method println(boolean) is ambiguous for the type PrintStream

at RestAssuredAutomation.RestAssuredAutomation.GET_JSONbodyValues.jsonbody(GET_JSONbodyValues.java:25)
at java.base/java.util.ArrayList.forEach(ArrayList.java:1511)
... Removed 27 stack frames]]>
    </failure>
  </testcase> <!-- jsonbody -->
</testsuite> <!-- Api -->
