<?xml version="1.0" encoding="UTF-8"?>
<!-- Generated by org.testng.reporters.JUnitXMLReporter -->
<testsuite ignored="0" hostname="DESKTOP-FMGNOFA" failures="0" tests="6" name="TestNGTest" time="0.063" errors="0" timestamp="2022-03-23T18:43:47 EDT">
  <testcase classname="TestNG.TestNGGroups" name="test1" time="0.004"/>
  <testcase classname="TestNG.TestNGGroups" name="test2" time="0.002"/>
  <testcase classname="TestNG.TestNGGroups" name="test3" time="0.001"/>
  <testcase classname="TestNG.TestNGGroups" name="test4" time="0.001"/>
  <testcase classname="TestNG.TestNGAnnotations" name="test1" time="0.002"/>
  <testcase classname="TestNG.TestNGAnnotations" name="test2" time="0.001"/>
</testsuite> <!-- TestNGTest -->
