<?xml version="1.0" encoding="UTF-8"?>
<testng-results ignored="0" total="1" passed="1" failed="0" skipped="0">
  <reporter-output>
  </reporter-output>
  <suite started-at="2022-04-14T19:15:38 EDT" name="Default suite" finished-at="2022-04-14T19:15:45 EDT" duration-ms="7400">
    <groups>
    </groups>
    <test started-at="2022-04-14T19:15:38 EDT" name="Default test" finished-at="2022-04-14T19:15:45 EDT" duration-ms="7400">
      <class name="DataDrivenDemo.PageObjectModelBase">
        <test-method signature="Firstpom()[pri:0, instance:DataDrivenDemo.PageObjectModelBase@5b12b668]" started-at="2022-04-14T19:15:38 EDT" name="Firstpom" finished-at="2022-04-14T19:15:45 EDT" duration-ms="7356" status="PASS">
          <reporter-output>
          </reporter-output>
        </test-method> <!-- Firstpom -->
      </class> <!-- DataDrivenDemo.PageObjectModelBase -->
    </test> <!-- Default test -->
  </suite> <!-- Default suite -->
</testng-results>
